<?xml version="1.0" encoding="UTF-8"?>
<testng-results ignored="0" total="2" passed="2" failed="0" skipped="0">
  <reporter-output>
  </reporter-output>
  <suite started-at="2022-12-15T20:31:47 IST" name="Default suite" finished-at="2022-12-15T20:31:47 IST" duration-ms="115">
    <groups>
    </groups>
    <test started-at="2022-12-15T20:31:47 IST" name="Default test" finished-at="2022-12-15T20:31:47 IST" duration-ms="115">
      <class name="com.mydevOps2.MyTestClass">
        <test-method signature="test1()[pri:0, instance:com.mydevOps2.MyTestClass@12d4bf7e]" started-at="2022-12-15T20:31:47 IST" name="test1" finished-at="2022-12-15T20:31:47 IST" duration-ms="21" status="PASS">
          <reporter-output>
          </reporter-output>
        </test-method> <!-- test1 -->
        <test-method signature="test2()[pri:0, instance:com.mydevOps2.MyTestClass@12d4bf7e]" started-at="2022-12-15T20:31:47 IST" name="test2" finished-at="2022-12-15T20:31:47 IST" duration-ms="2" status="PASS">
          <reporter-output>
          </reporter-output>
        </test-method> <!-- test2 -->
      </class> <!-- com.mydevOps2.MyTestClass -->
    </test> <!-- Default test -->
  </suite> <!-- Default suite -->
</testng-results>
